Using pre-set license
Built from '2021.3/staging' branch; Version is '2021.3.16f1 (4016570cf34f) revision 4200023'; Using compiler version '192829333'; Build Type 'Release'
OS: 'Windows 11  (10.0.22000) 64bit Professional' Language: 'ru' Physical Memory: 16236 MB
BatchMode: 1, IsHumanControllingUs: 0, StartBugReporterOnCrash: 0, Is64bit: 1, IsPro: 1

COMMAND LINE ARGUMENTS:
M:\Programs\Unity Hub\Editor\2021.3.16f1\Editor\Unity.exe
-adb2
-batchMode
-noUpm
-name
AssetImportWorker0
-projectPath
M:/UnityProjects/Course FPS
-logFile
Logs/AssetImportWorker0.log
-srvPort
62598
Successfully changed project path to: M:/UnityProjects/Course FPS
M:/UnityProjects/Course FPS
[UnityMemory] Configuration Parameters - Can be set up in boot.config
    "memorysetup-bucket-allocator-granularity=16"
    "memorysetup-bucket-allocator-bucket-count=8"
    "memorysetup-bucket-allocator-block-size=33554432"
    "memorysetup-bucket-allocator-block-count=8"
    "memorysetup-main-allocator-block-size=16777216"
    "memorysetup-thread-allocator-block-size=16777216"
    "memorysetup-gfx-main-allocator-block-size=16777216"
    "memorysetup-gfx-thread-allocator-block-size=16777216"
    "memorysetup-cache-allocator-block-size=4194304"
    "memorysetup-typetree-allocator-block-size=2097152"
    "memorysetup-profiler-bucket-allocator-granularity=16"
    "memorysetup-profiler-bucket-allocator-bucket-count=8"
    "memorysetup-profiler-bucket-allocator-block-size=33554432"
    "memorysetup-profiler-bucket-allocator-block-count=8"
    "memorysetup-profiler-allocator-block-size=16777216"
    "memorysetup-profiler-editor-allocator-block-size=1048576"
    "memorysetup-temp-allocator-size-main=16777216"
    "memorysetup-job-temp-allocator-block-size=2097152"
    "memorysetup-job-temp-allocator-block-size-background=1048576"
    "memorysetup-job-temp-allocator-reduction-small-platforms=262144"
    "memorysetup-temp-allocator-size-background-worker=32768"
    "memorysetup-temp-allocator-size-job-worker=262144"
    "memorysetup-temp-allocator-size-preload-manager=33554432"
    "memorysetup-temp-allocator-size-nav-mesh-worker=65536"
    "memorysetup-temp-allocator-size-audio-worker=65536"
    "memorysetup-temp-allocator-size-cloud-worker=32768"
    "memorysetup-temp-allocator-size-gi-baking-worker=262144"
    "memorysetup-temp-allocator-size-gfx=262144"
Player connection [59504] Host "[IP] 192.168.10.105 [Port] 0 [Flags] 2 [Guid] 793258537 [EditorId] 793258537 [Version] 1048832 [Id] WindowsEditor(7,KillRyusha) [Debug] 1 [PackageName] WindowsEditor [ProjectName] Editor" joined multi-casting on [225.0.0.222:54997]...

Player connection [59504] Host "[IP] 192.168.10.105 [Port] 0 [Flags] 2 [Guid] 793258537 [EditorId] 793258537 [Version] 1048832 [Id] WindowsEditor(7,KillRyusha) [Debug] 1 [PackageName] WindowsEditor [ProjectName] Editor" joined alternative multi-casting on [225.0.0.222:34997]...

Refreshing native plugins compatible for Editor in 96.07 ms, found 3 plugins.
Preloading 0 native plugins for Editor in 0.00 ms.
Initialize engine version: 2021.3.16f1 (4016570cf34f)
[Subsystems] Discovering subsystems at path M:/Programs/Unity Hub/Editor/2021.3.16f1/Editor/Data/Resources/UnitySubsystems
[Subsystems] Discovering subsystems at path M:/UnityProjects/Course FPS/Assets
GfxDevice: creating device client; threaded=0; jobified=0
Direct3D:
    Version:  Direct3D 11.0 [level 11.1]
    Renderer: NVIDIA GeForce RTX 3070 Laptop GPU (ID=0x24dd)
    Vendor:   NVIDIA
    VRAM:     8044 MB
    Driver:   31.0.15.1694
Initialize mono
Mono path[0] = 'M:/Programs/Unity Hub/Editor/2021.3.16f1/Editor/Data/Managed'
Mono path[1] = 'M:/Programs/Unity Hub/Editor/2021.3.16f1/Editor/Data/MonoBleedingEdge/lib/mono/unityjit-win32'
Mono config path = 'M:/Programs/Unity Hub/Editor/2021.3.16f1/Editor/Data/MonoBleedingEdge/etc'
Using monoOptions --debugger-agent=transport=dt_socket,embedding=1,server=y,suspend=n,address=127.0.0.1:56708
Begin MonoManager ReloadAssembly
Registering precompiled unity dll's ...
Register platform support module: M:/Programs/Unity Hub/Editor/2021.3.16f1/Editor/Data/PlaybackEngines/WebGLSupport/UnityEditor.WebGL.Extensions.dll
Register platform support module: M:/Programs/Unity Hub/Editor/2021.3.16f1/Editor/Data/PlaybackEngines/AndroidPlayer/UnityEditor.Android.Extensions.dll
Register platform support module: M:/Programs/Unity Hub/Editor/2021.3.16f1/Editor/Data/PlaybackEngines/WindowsStandaloneSupport/UnityEditor.WindowsStandalone.Extensions.dll
Registered in 0.003633 seconds.
Native extension for WindowsStandalone target not found
Native extension for Android target not found
Native extension for WebGL target not found
Refreshing native plugins compatible for Editor in 111.33 ms, found 3 plugins.
Preloading 0 native plugins for Editor in 0.00 ms.
Mono: successfully reloaded assembly
- Completed reload, in  0.673 seconds
Domain Reload Profiling:
	ReloadAssembly (674ms)
		BeginReloadAssembly (81ms)
			ExecutionOrderSort (0ms)
			DisableScriptedObjects (0ms)
			BackupInstance (0ms)
			ReleaseScriptingObjects (0ms)
			CreateAndSetChildDomain (1ms)
		EndReloadAssembly (493ms)
			LoadAssemblies (82ms)
			RebuildTransferFunctionScriptingTraits (0ms)
			SetupTypeCache (118ms)
			ReleaseScriptCaches (0ms)
			RebuildScriptCaches (27ms)
			SetupLoadedEditorAssemblies (298ms)
				LogAssemblyErrors (0ms)
				InitializePlatformSupportModulesInManaged (53ms)
				SetLoadedEditorAssemblies (0ms)
				RefreshPlugins (111ms)
				BeforeProcessingInitializeOnLoad (1ms)
				ProcessInitializeOnLoadAttributes (88ms)
				ProcessInitializeOnLoadMethodAttributes (43ms)
				AfterProcessingInitializeOnLoad (0ms)
				EditorAssembliesLoaded (0ms)
			ExecutionOrderSort2 (0ms)
			AwakeInstancesAfterBackupRestoration (0ms)
Platform modules already initialized, skipping
Registering precompiled user dll's ...
Registered in 0.005973 seconds.
Begin MonoManager ReloadAssembly
Symbol file LoadedFromMemory doesn't match image M:\UnityProjects\Course FPS\Library\PackageCache\com.unity.visualscripting@1.7.8\Editor\VisualScripting.Core\Dependencies\YamlDotNet\Unity.VisualScripting.YamlDotNet.dll
Symbol file LoadedFromMemory doesn't match image M:\UnityProjects\Course FPS\Library\PackageCache\com.unity.visualscripting@1.7.8\Editor\VisualScripting.Core\Dependencies\DotNetZip\Unity.VisualScripting.IonicZip.dll
Native extension for WindowsStandalone target not found
Native extension for Android target not found
Native extension for WebGL target not found
Refreshing native plugins compatible for Editor in 104.52 ms, found 3 plugins.
Preloading 0 native plugins for Editor in 0.00 ms.
Mono: successfully reloaded assembly
- Completed reload, in  1.375 seconds
Domain Reload Profiling:
	ReloadAssembly (1376ms)
		BeginReloadAssembly (228ms)
			ExecutionOrderSort (0ms)
			DisableScriptedObjects (6ms)
			BackupInstance (0ms)
			ReleaseScriptingObjects (0ms)
			CreateAndSetChildDomain (126ms)
		EndReloadAssembly (1042ms)
			LoadAssemblies (113ms)
			RebuildTransferFunctionScriptingTraits (0ms)
			SetupTypeCache (320ms)
			ReleaseScriptCaches (1ms)
			RebuildScriptCaches (55ms)
			SetupLoadedEditorAssemblies (527ms)
				LogAssemblyErrors (0ms)
				InitializePlatformSupportModulesInManaged (12ms)
				SetLoadedEditorAssemblies (0ms)
				RefreshPlugins (105ms)
				BeforeProcessingInitializeOnLoad (99ms)
				ProcessInitializeOnLoadAttributes (233ms)
				ProcessInitializeOnLoadMethodAttributes (76ms)
				AfterProcessingInitializeOnLoad (2ms)
				EditorAssembliesLoaded (0ms)
			ExecutionOrderSort2 (0ms)
			AwakeInstancesAfterBackupRestoration (5ms)
Platform modules already initialized, skipping
========================================================================
Worker process is ready to serve import requests
Launched and connected shader compiler UnityShaderCompiler.exe after 0.06 seconds
Refreshing native plugins compatible for Editor in 3.63 ms, found 3 plugins.
Preloading 0 native plugins for Editor in 0.00 ms.
Unloading 5127 Unused Serialized files (Serialized files now loaded: 0)
Unloading 51 unused Assets / (1.4 MB). Loaded Objects now: 5564.
Memory consumption went from 202.4 MB to 201.0 MB.
Total: 11.021900 ms (FindLiveObjects: 1.411500 ms CreateObjectMapping: 1.055900 ms MarkObjects: 6.645800 ms  DeleteObjects: 1.906600 ms)

AssetImportParameters requested are different than current active one (requested -> active):
  custom:video-decoder-ogg-theora: a1e56fd34408186e4bbccfd4996cb3dc -> 
  custom:container-muxer-webm: aa71ff27fc2769a1b78a27578f13a17b -> 
  custom:container-demuxer-webm: 4f35f7cbe854078d1ac9338744f61a02 -> 
  custom:video-encoder-webm-vp8: eb34c28f22e8b96e1ab97ce403110664 -> 
  custom:audio-encoder-webm-vorbis: bf7c407c2cedff20999df2af8eb42d56 -> 
  custom:framework-win-MediaFoundation: 216162199b28c13a410421893ffa2e32 -> 
  custom:container-demuxer-ogg: 62fdf1f143b41e24485cea50d1cbac27 -> 
  custom:video-decoder-webm-vp8: 9c59270c3fd7afecdb556c50c9e8de78 -> 
  custom:audio-decoder-ogg-vorbis: bf7c407c2cedff20999df2af8eb42d56 -> 
========================================================================
Received Import Request.
  Time since last request: 1707593.023951 seconds.
  path: Assets/Scenes/1.unity
  artifactKey: Guid(99c9720ab356a0642a771bea13969a05) Importer(815301076,1909f56bfc062723c751e8b465ee728b)
Start importing Assets/Scenes/1.unity using Guid(99c9720ab356a0642a771bea13969a05) Importer(815301076,1909f56bfc062723c751e8b465ee728b)  -> (artifact id: '93123a9cdd1b49fc8fdd522f5cc2416a') in 0.026804 seconds 
========================================================================
Received Import Request.
  Time since last request: 34.644846 seconds.
  path: Assets/Scenes/1.unity
  artifactKey: Guid(99c9720ab356a0642a771bea13969a05) Importer(815301076,1909f56bfc062723c751e8b465ee728b)
Start importing Assets/Scenes/1.unity using Guid(99c9720ab356a0642a771bea13969a05) Importer(815301076,1909f56bfc062723c751e8b465ee728b)  -> (artifact id: '18eca02dc53160af4c874c98b938e3aa') in 0.002192 seconds 
========================================================================
Received Import Request.
  Time since last request: 116.792034 seconds.
  path: Assets/Lobby.unity
  artifactKey: Guid(ccd75cdd442b6054f95f4e305f332991) Importer(815301076,1909f56bfc062723c751e8b465ee728b)
Start importing Assets/Lobby.unity using Guid(ccd75cdd442b6054f95f4e305f332991) Importer(815301076,1909f56bfc062723c751e8b465ee728b)  -> (artifact id: '1c2be01b19554d3d1e18e0cf73735a8d') in 0.007828 seconds 
========================================================================
Received Import Request.
  Time since last request: 20.166574 seconds.
  path: Assets/Scenes/2.unity
  artifactKey: Guid(b7793e3156b9f5e41ae3bfb20d5ff97a) Importer(815301076,1909f56bfc062723c751e8b465ee728b)
Start importing Assets/Scenes/2.unity using Guid(b7793e3156b9f5e41ae3bfb20d5ff97a) Importer(815301076,1909f56bfc062723c751e8b465ee728b)  -> (artifact id: '9fc0724f32cec432b711927b41a0ca4a') in 0.007284 seconds 
========================================================================
Received Import Request.
  Time since last request: 161.553573 seconds.
  path: Assets/Удалить
  artifactKey: Guid(01a41c06a59a4004795ed57e770e83d3) Importer(815301076,1909f56bfc062723c751e8b465ee728b)
Start importing Assets/Удалить using Guid(01a41c06a59a4004795ed57e770e83d3) Importer(815301076,1909f56bfc062723c751e8b465ee728b)  -> (artifact id: 'ce195dfce245080c74dd98c6c88031a6') in 0.009533 seconds 
========================================================================
Received Import Request.
  Time since last request: 84.086006 seconds.
  path: Assets/Scenes/Удалить/Teams_XkJbpk2woK.jpg
  artifactKey: Guid(f097a29bc11920640bfb944ed7910c89) Importer(815301076,1909f56bfc062723c751e8b465ee728b)
Start importing Assets/Scenes/Удалить/Teams_XkJbpk2woK.jpg using Guid(f097a29bc11920640bfb944ed7910c89) Importer(815301076,1909f56bfc062723c751e8b465ee728b)  -> (artifact id: '4e4697df1c6a7dc32f8239c3bff6c64a') in 0.068951 seconds 
========================================================================
Received Import Request.
  Time since last request: 88.689849 seconds.
  path: Assets/UI/msedge_cMCtLgJglM.png
  artifactKey: Guid(0de20293f572d494989f26ae608f01d4) Importer(815301076,1909f56bfc062723c751e8b465ee728b)
Start importing Assets/UI/msedge_cMCtLgJglM.png using Guid(0de20293f572d494989f26ae608f01d4) Importer(815301076,1909f56bfc062723c751e8b465ee728b)  -> (artifact id: 'd4e350b9bc46dbf90b2f9ec4e493e849') in 0.018302 seconds 
========================================================================
Received Import Request.
  Time since last request: 9.154344 seconds.
  path: Assets/Enemies/Teams_mVI7aVM1ZJ.png
  artifactKey: Guid(30d96714be8f63949b7a4b02123f4df1) Importer(815301076,1909f56bfc062723c751e8b465ee728b)
Start importing Assets/Enemies/Teams_mVI7aVM1ZJ.png using Guid(30d96714be8f63949b7a4b02123f4df1) Importer(815301076,1909f56bfc062723c751e8b465ee728b)  -> (artifact id: '80db3e3ff92fdc5924d1b60eaf47aacf') in 0.014732 seconds 
========================================================================
Received Import Request.
  Time since last request: 18.595161 seconds.
  path: Assets/Settings/Teams_GhlcrzCkyy.png
  artifactKey: Guid(386ee40add81ef749b0b80f8ea9661f1) Importer(815301076,1909f56bfc062723c751e8b465ee728b)
Start importing Assets/Settings/Teams_GhlcrzCkyy.png using Guid(386ee40add81ef749b0b80f8ea9661f1) Importer(815301076,1909f56bfc062723c751e8b465ee728b)  -> (artifact id: '1e5bdabad3c21888aa7482dbe6b201de') in 0.013462 seconds 
